This is pdfTeX, Version 3.1415926-2.3-1.40.12 (MiKTeX 2.9) (preloaded format=pdflatex 2016.10.14)  10 JUL 2017 17:57
entering extended mode
**C:/Users/wangch/Desktop/updata-in-Pairs7/paper-9/PQueues/final/co-regular-EPQ
.tex

(C:/Users/wangch/Desktop/updata-in-Pairs7/paper-9/PQueues/final/co-regular-EPQ.
tex
LaTeX2e <2011/06/27>
Babel <v3.8m> and hyphenation patterns for loaded.
! Undefined control sequence.
l.2 \section
            {Reducing Linearizability of Priority Queues to Reachability}
? 
! Emergency stop.
l.2 \section
            {Reducing Linearizability of Priority Queues to Reachability}
End of file on the terminal!

 
Here is how much of TeX's memory you used:
 7 strings out of 495354
 311 string characters out of 3183858
 44842 words of memory out of 3000000
 3276 multiletter control sequences out of 15000+200000
 3640 words of font info for 14 fonts, out of 3000000 for 9000
 14 hyphenation exceptions out of 8191
 5i,0n,1p,154b,8s stack positions out of 5000i,500n,10000p,200000b,50000s
!  ==> Fatal error occurred, no output PDF file produced!
